[2021-09-29 17:54:06,087] - test_uploadaudio.py - test_uploadaudio_filenameisnull [Line:55] - [INFO] - audio/音频：音频上传失败用例-filename为NULL测试通过！
[2021-09-29 17:54:06,138] - test_uploadaudio.py - test_uploadaudio_keyisnull [Line:70] - [INFO] - audio/音频：音频上传失败用例-key为NULL测试通过！
[2021-09-29 17:54:06,187] - test_uploadaudio.py - test_uploadaudio_sizeisnull [Line:85] - [INFO] - audio/音频：音频上传失败用例-size为NULL测试通过！
[2021-09-29 17:54:15,672] - test_uploadaudio.py - test_uploadaudio_success [Line:40] - [INFO] - audio/音频：音频上传成功用例测试通过！
[2021-09-29 17:54:15,733] - test_token.py - test_token_fail [Line:44] - [INFO] - commonupload/通用上传：获取token失败用例测试通过！
[2021-09-29 17:54:15,779] - test_token.py - test_token_success [Line:29] - [INFO] - commonupload/通用上传：获取token成功用例测试通过！
[2021-09-29 17:54:15,860] - test_addOneDoc.py - test_addOneDoc [Line:29] - [INFO] - documents/test_addOneDoc: SUCCESS！
[2021-09-29 17:54:15,905] - test_addOneDoc.py - tearDownClass [Line:45] - [INFO] - test_addOneDoc/文档类型类型：删除新建的第一条文档数据成功！
[2021-09-29 17:54:15,995] - test_addOneFolders.py - test_addOneFolders [Line:27] - [INFO] - documents/test_addOneFolders: SUCCESS！
[2021-09-29 17:54:16,153] - test_delOneDoc.py - test_delOneDoc [Line:33] - [INFO] - documents/test_delOneDoc: SUCCESS！
[2021-09-29 17:54:16,244] - test_getlist.py - test_getlist [Line:52] - [INFO] - documents/test_getlist: SUCCESS！
[2021-09-29 17:54:16,441] - datadict.py - getPointTree [Line:114] - [INFO] - point/知识点：获取知识树成功！
[2021-09-29 17:54:17,168] - item.py - get_rand_item [Line:47] - [INFO] - 获取随机题目成功！
[2021-09-29 17:54:35,491] - item.py - get_rand_item_option [Line:65] - [INFO] - 获取随机选项成功！
[2021-09-29 17:54:35,881] - datadict.py - getPointTree [Line:114] - [INFO] - point/知识点：获取知识树成功！
[2021-09-29 17:54:35,998] - item.py - get_rand_item [Line:47] - [INFO] - 获取随机题目成功！
[2021-09-29 17:54:41,652] - item.py - get_rand_item_option [Line:65] - [INFO] - 获取随机选项成功！
[2021-09-29 17:54:41,877] - item.py - get_rand_item [Line:47] - [INFO] - 获取随机题目成功！
[2021-09-29 17:54:42,011] - datadict.py - getPointTree [Line:114] - [INFO] - point/知识点：获取知识树成功！
[2021-09-29 17:54:42,090] - item.py - get_rand_item [Line:47] - [INFO] - 获取随机题目成功！
[2021-09-29 17:54:42,141] - datadict.py - getPointTree [Line:114] - [INFO] - point/知识点：获取知识树成功！
[2021-09-29 17:54:42,177] - item.py - get_rand_item [Line:47] - [INFO] - 获取随机题目成功！
[2021-09-29 17:55:07,166] - item.py - get_rand_item_option [Line:65] - [INFO] - 获取随机选项成功！
[2021-09-29 17:55:07,264] - datadict.py - getPointTree [Line:114] - [INFO] - point/知识点：获取知识树成功！
[2021-09-29 17:55:07,400] - item.py - get_rand_item [Line:47] - [INFO] - 获取随机题目成功！
[2021-09-29 17:55:07,700] - datadict.py - getPointTree [Line:114] - [INFO] - point/知识点：获取知识树成功！
[2021-09-29 17:55:07,767] - item.py - get_rand_item [Line:47] - [INFO] - 获取随机题目成功！
[2021-09-29 17:55:07,967] - item.py - get_rand_item [Line:47] - [INFO] - 获取随机题目成功！
[2021-09-29 17:55:08,064] - datadict.py - getPointTree [Line:114] - [INFO] - point/知识点：获取知识树成功！
[2021-09-29 17:55:08,357] - item.py - get_rand_item_option [Line:65] - [INFO] - 获取随机选项成功！
[2021-09-29 17:55:08,451] - datadict.py - getPointTree [Line:114] - [INFO] - point/知识点：获取知识树成功！
[2021-09-29 17:55:11,040] - item.py - get_rand_item_option [Line:65] - [INFO] - 获取随机选项成功！
[2021-09-29 17:55:11,137] - datadict.py - getPointTree [Line:114] - [INFO] - point/知识点：获取知识树成功！
[2021-09-29 17:55:11,964] - item.py - get_rand_item_option [Line:65] - [INFO] - 获取随机选项成功！
[2021-09-29 17:55:12,058] - datadict.py - getPointTree [Line:114] - [INFO] - point/知识点：获取知识树成功！
[2021-09-29 17:55:12,378] - item.py - get_rand_item_option [Line:65] - [INFO] - 获取随机选项成功！
[2021-09-29 17:55:12,562] - datadict.py - getPointTree [Line:114] - [INFO] - point/知识点：获取知识树成功！
[2021-09-29 17:55:12,653] - item.py - get_rand_item [Line:47] - [INFO] - 获取随机题目成功！
[2021-09-29 17:55:21,682] - item.py - get_rand_item_option [Line:65] - [INFO] - 获取随机选项成功！
[2021-09-29 17:55:22,158] - test_changestatus.py - test_changestatus [Line:25] - [INFO] - item/test_changestatus: SUCCESS！
[2021-09-29 17:55:22,262] - item.py - get_rand_item [Line:47] - [INFO] - 获取随机题目成功！
[2021-09-29 17:55:23,844] - test_edititem.py - test_edititem [Line:25] - [INFO] - item/test_edititem: SUCCESS！
[2021-09-29 17:55:24,493] - test_getanalytic_list.py - test_getanalytic_list [Line:21] - [INFO] - item/test_getanalytic_list: SUCCESS！
[2021-09-29 17:55:24,852] - test_getitem.py - test_getitem [Line:21] - [INFO] - item/test_getitem: SUCCESS！
[2021-09-29 17:55:25,225] - test_like.py - test_like [Line:27] - [INFO] - item/test_like: SUCCESS！
[2021-09-29 17:55:25,341] - test_review_answer.py - test_review_answer [Line:26] - [INFO] - item/test_review_answer: SUCCESS！
[2021-09-29 17:55:25,425] - test_uploadpicture.py - test_uploadpicture_fail [Line:96] - [INFO] - item/题库：上传图片失败用例-上传列表为空测试通过！
[2021-09-29 17:55:25,821] - test_uploadpicture.py - test_uploadpicture_gif [Line:83] - [INFO] - item/题库：上传gif图片失败用例测试通过！
[2021-09-29 17:55:35,177] - test_uploadpicture.py - test_uploadpicture_jpg [Line:64] - [INFO] - item/题库：上传jpg图片成功用例测试通过！
[2021-09-29 17:55:44,737] - test_uploadpicture.py - test_uploadpicture_png [Line:40] - [INFO] - item/题库：上传png图片成功用例测试通过！
[2021-09-29 17:55:44,793] - test_getitemmould.py - test_getitemmould_fail [Line:45] - [INFO] - itemmould/题型模版：获取题型模版失败用例测试通过！
[2021-09-29 17:55:44,851] - test_getitemmould.py - test_getitemmould_success [Line:29] - [INFO] - itemmould/题型模版：获取题型模版成功用例测试通过！
[2021-09-29 17:55:45,255] - test_additemtype.py - test_additemtype [Line:38] - [INFO] - itemType/题型：添加题型成功用例测试通过！
[2021-09-29 17:55:45,314] - test_additemtype.py - test_additemtype_mouldtypeiserr [Line:149] - [INFO] - itemType/题型：添加题型失败用例-题型模版错误测试通过！
[2021-09-29 17:55:45,390] - test_additemtype.py - test_additemtype_mouldtypeisnull [Line:133] - [INFO] - itemType/题型：添加题型失败用例-题型模版为空测试通过！
[2021-09-29 17:55:45,681] - test_additemtype.py - test_additemtype_requried [Line:62] - [INFO] - itemType/题型：添加题型必填项成功用例测试通过！
[2021-09-29 17:55:45,732] - test_additemtype.py - test_additemtype_retypecode [Line:98] - [INFO] - itemType/题型：添加题型失败用例-题型编码重复测试通过！
[2021-09-29 17:55:45,796] - test_additemtype.py - test_additemtype_retypename [Line:117] - [INFO] - itemType/题型：添加题型失败用例-题型名称重复测试通过！
[2021-09-29 17:55:45,845] - test_additemtype.py - test_additemtype_subjectIdsErr [Line:79] - [INFO] - itemType/题型：添加题型失败用例-科目Id错误测试通过！
[2021-09-29 17:55:45,952] - test_additemtype.py - test_additemtype_typecodeisnull [Line:165] - [INFO] - itemType/题型：添加题型失败用例-题型编码为空测试通过！
[2021-09-29 17:55:46,003] - test_additemtype.py - test_additemtype_typenameisnull [Line:181] - [INFO] - itemType/题型：添加题型失败用例-题型名称为空测试通过！
[2021-09-29 17:55:46,067] - test_additemtype.py - test_priorityCodeError [Line:197] - [INFO] - itemType/题型：添加题型失败用例-排序超出限制测试通过！
[2021-09-29 17:55:46,591] - datadict.py - delete_itemtype [Line:40] - [INFO] - itemType/题型：删除题型成功！
[2021-09-29 17:55:46,779] - datadict.py - delete_itemtype [Line:40] - [INFO] - itemType/题型：删除题型成功！
[2021-09-29 17:55:46,849] - datadict.py - add_itemType [Line:26] - [INFO] - itemType/题型：新增题型成功！
[2021-09-29 17:55:47,144] - test_deleteitemtype.py - test_deleteItemType [Line:43] - [INFO] - itemType/题型：删除题型成功用例测试通过！
[2021-09-29 17:55:47,196] - test_deleteitemtype.py - test_deleteItemTypeHaveItem [Line:73] - [INFO] - itemType/题型：删除已存在题目的题型用例测试通过！
[2021-09-29 17:55:47,238] - test_deleteitemtype.py - test_deleteItemTypeNoExist [Line:57] - [INFO] - itemType/题型：删除不存在的题型用例测试通过！
[2021-09-29 17:55:47,296] - test_deleteitemtype.py - test_deleteItemTypeNoId [Line:89] - [INFO] - itemType/题型：删除题型未输入ID用例测试通过！
[2021-09-29 17:55:47,370] - datadict.py - add_itemType [Line:26] - [INFO] - itemType/题型：新增题型成功！
[2021-09-29 17:55:47,419] - test_getitemtype.py - test_getItemType [Line:41] - [INFO] - itemType/题型：获取题型成功用例测试通过！
[2021-09-29 17:55:47,465] - test_getitemtype.py - test_getItemTypeNoExist [Line:57] - [INFO] - itemType/题型：获取不存在的题型用例测试通过！
[2021-09-29 17:55:47,850] - datadict.py - delete_itemtype [Line:40] - [INFO] - itemType/题型：删除题型成功！
[2021-09-29 17:55:47,934] - datadict.py - add_itemType [Line:26] - [INFO] - itemType/题型：新增题型成功！
[2021-09-29 17:55:48,432] - datadict.py - delete_itemtype [Line:40] - [INFO] - itemType/题型：删除题型成功！
[2021-09-29 17:55:48,534] - datadict.py - add_itemType [Line:26] - [INFO] - itemType/题型：新增题型成功！
[2021-09-29 17:55:48,591] - test_updateitemtype.py - test_priorityCodeError [Line:108] - [INFO] - itemType/题型：修改题型失败用例-排序超出限制测试通过！
[2021-09-29 17:55:48,761] - test_updateitemtype.py - test_typeNameIsNull [Line:91] - [INFO] - itemType/题型：修改题型失败用例-题型名称为空测试通过！
[2021-09-29 17:55:49,136] - datadict.py - delete_itemtype [Line:40] - [INFO] - itemType/题型：删除题型成功！
[2021-09-29 17:55:49,207] - test_addfolders.py - test_addfolders [Line:29] - [INFO] - lecture/test_addfolders: SUCCESS！
[2021-09-29 17:55:49,357] - test_addlecture.py - test_addlecture [Line:31] - [INFO] - lecture/test_addlecture: SUCCESS！
[2021-09-29 17:55:50,143] - test_copylecture.py - test_copylecture [Line:29] - [INFO] - lecture/test_copylecture: SUCCESS！
[2021-09-29 17:55:50,558] - test_deletefolders.py - test_deletefolders [Line:28] - [INFO] - lecture/test_deletefolders: SUCCESS！
[2021-09-29 17:55:50,776] - test_editfolders.py - test_editfolders [Line:30] - [INFO] - lecture/test_editfolders: SUCCESS！
[2021-09-29 17:55:51,534] - test_editlectureinfo_jiaoan.py - test_editlectureinfo_jiaoan [Line:23] - [INFO] - lecture/test_editlectureinfo_jiaoan: SUCCESS！
[2021-09-29 17:55:51,813] - test_editlectureinfo_kaoshi.py - test_editlectureinfo_kaoshi [Line:23] - [INFO] - lecture/test_editlectureinfo_kaoshi: SUCCESS！
[2021-09-29 17:55:52,011] - test_editlectureinfo_yuxi.py - test_editlectureinfo_yuxi [Line:23] - [INFO] - lecture/test_editlectureinfo_yuxi: SUCCESS！
[2021-09-29 17:55:52,192] - test_editlectureinfo_zhineng.py - test_editlectureinfo_zhineng [Line:23] - [INFO] - lecture/test_editlectureinfo_zhineng: SUCCESS！
[2021-09-29 17:55:52,395] - test_getfilelist.py - test_getfilelist [Line:28] - [INFO] - lecture/test_getfilelist: SUCCESS！
[2021-09-29 17:55:52,413] - test_getfolderstree.py - test_getfolderstree [Line:22] - [INFO] - lecture/test_getfolderstree: FAIL, error is HTTPSConnectionPool(host='teacher-tr.test.klxuexi.net', port=443): Max retries exceeded with url: /tr/api/tr/v1/documents/folders/tree?periodId=10001&subjectId=8 (Caused by SSLError(SSLCertVerificationError(1, '[SSL: CERTIFICATE_VERIFY_FAILED] certificate verify failed: unable to get local issuer certificate (_ssl.c:1051)')))
[2021-09-29 17:55:52,488] - test_getlectureinfo.py - test_getlectureinfo [Line:22] - [INFO] - lecture/test_getlectureinfo: SUCCESS！
[2021-09-29 17:55:52,504] - test_lastlecture.py - test_lastlecture [Line:22] - [INFO] - lecture/test_lastlecture: FAIL, error is HTTPSConnectionPool(host='teacher-tr.test.klxuexi.net', port=443): Max retries exceeded with url: /tr/api/tr/v1/documents/last?periodId=10001&subjectId=12 (Caused by SSLError(SSLCertVerificationError(1, '[SSL: CERTIFICATE_VERIFY_FAILED] certificate verify failed: unable to get local issuer certificate (_ssl.c:1051)')))
[2021-09-29 17:55:53,401] - test_movefile.py - test_movefile [Line:35] - [INFO] - lecture/test_movefile: SUCCESS！
[2021-09-29 17:55:54,482] - test_removeinfo.py - test_removeinfo [Line:31] - [INFO] - lecture/test_removeinfo: SUCCESS！
[2021-09-29 17:55:55,362] - test_searchfiles.py - test_searchfiles [Line:25] - [INFO] - lecture/test_searchfiles: SUCCESS！
[2021-09-29 17:55:56,206] - test_uploadfiles.py - test_uploadfiles [Line:24] - [INFO] - lecture/test_uploadfiles: SUCCESS！
[2021-09-29 17:55:56,334] - test_addpaper.py - test_addpaper [Line:26] - [INFO] - paper/test_addpaper: SUCCESS！
[2021-09-29 17:55:56,526] - test_deletepaper.py - test_delete [Line:35] - [INFO] - paper/test_delete: SUCCESS！
[2021-09-29 17:55:56,849] - test_enable.py - test_enable [Line:28] - [INFO] - paper/test_enable: SUCCESS！
[2021-09-29 17:55:57,013] - paper.py - enable_paper [Line:46] - [ERROR] - 启用套卷成功！
[2021-09-29 17:55:57,096] - test_offshelf.py - test_offshelf [Line:29] - [INFO] - paper/test_offshelf: SUCCESS！
[2021-09-29 17:55:57,116] - test_paperlist.py - test_paper_list [Line:20] - [INFO] - paper/test_paperlist: FAIL, error is HTTPSConnectionPool(host='teacher-tr.test.klxuexi.net', port=443): Max retries exceeded with url: /tr/api/tr/paper-textbook/manage/list?currentPage=1&pageSize=10&periodId=10002&subjectId=8&province=310000&city=310000&county=310101&semesterId=10224&yearId=10241&gradeId=26&schoolYearId=10257&paperTextbookTypeId=10238&status=DISABLED (Caused by SSLError(SSLCertVerificationError(1, '[SSL: CERTIFICATE_VERIFY_FAILED] certificate verify failed: unable to get local issuer certificate (_ssl.c:1051)')))
[2021-09-29 17:55:57,145] - test_paperlist_randsubject.py - test_paper_list_rand_subject [Line:23] - [INFO] - paper/test_paperlist_randsubject: FAIL, error is HTTPSConnectionPool(host='teacher-tr.test.klxuexi.net', port=443): Max retries exceeded with url: /tr/api/tr/paper-textbook/manage/list?currentPage=1&pageSize=10&periodId=10002&subjectId=9&province=&city=&county= (Caused by SSLError(SSLCertVerificationError(1, '[SSL: CERTIFICATE_VERIFY_FAILED] certificate verify failed: unable to get local issuer certificate (_ssl.c:1051)')))
[2021-09-29 17:55:57,173] - test_standard_paperlist.py - test_standard_paperlist [Line:20] - [INFO] - paper/test_standard_paperlist: FAIL, error is HTTPSConnectionPool(host='teacher-tr.test.klxuexi.net', port=443): Max retries exceeded with url: /tr/api/tr/paper-textbook/standard/list?currentPage=1&pageSize=10&periodId=10002&subjectId=8&semesterId=10224&yearId=10241&gradeId=26&schoolYearId=10257&paperTextbookTypeId=10238 (Caused by SSLError(SSLCertVerificationError(1, '[SSL: CERTIFICATE_VERIFY_FAILED] certificate verify failed: unable to get local issuer certificate (_ssl.c:1051)')))
[2021-09-29 17:55:57,203] - test_standard_randpaperlist.py - test_standard_rand_paper_list [Line:23] - [INFO] - paper/test_standard_randpaperlist: FAIL, error is HTTPSConnectionPool(host='teacher-tr.test.klxuexi.net', port=443): Max retries exceeded with url: /tr/api/tr/paper-textbook/standard/list?currentPage=1&pageSize=10&periodId=10001&subjectId=10 (Caused by SSLError(SSLCertVerificationError(1, '[SSL: CERTIFICATE_VERIFY_FAILED] certificate verify failed: unable to get local issuer certificate (_ssl.c:1051)')))
[2021-09-29 17:55:57,277] - test_viewtag.py - test_viewtag [Line:21] - [INFO] - paper/test_viewtag: SUCCESS！
[2021-09-29 17:55:57,368] - test_addpapertype.py - test_addPaperType [Line:38] - [INFO] - paperType/添加套卷类型：SUCCESS-所有参数正常添加》测试通过！
[2021-09-29 17:55:57,430] - test_addpapertype.py - test_addPaperTypeCodeNone [Line:123] - [INFO] - paperType/添加套卷类型：FAIL-未填写套卷类型编码》测试通过！
[2021-09-29 17:55:57,485] - test_addpapertype.py - test_addPaperTypeCodeRepeat [Line:91] - [INFO] - paperType/添加套卷类型：FAIL-添加同编码套卷类型》测试通过！
[2021-09-29 17:55:57,544] - test_addpapertype.py - test_addPaperTypeCodeTooLong [Line:219] - [INFO] - paperType/添加套卷类型：FAIL-类型编码超出100字符》测试通过！
[2021-09-29 17:55:57,597] - test_addpapertype.py - test_addPaperTypeDescriptionTooLong [Line:251] - [INFO] - paperType/添加套卷类型：FAIL-描述超出200字符》测试通过！
[2021-09-29 17:55:57,644] - test_addpapertype.py - test_addPaperTypeNameNone [Line:107] - [INFO] - paperType/添加套卷类型：FAIL-未填写套卷类型名称》测试通过！
[2021-09-29 17:55:57,696] - test_addpapertype.py - test_addPaperTypeNameRepeat [Line:75] - [INFO] - paperType/添加套卷类型：FAIL-添加同名称套卷类型》测试通过！
[2021-09-29 17:55:57,746] - test_addpapertype.py - test_addPaperTypeNameTooLong [Line:235] - [INFO] - paperType/添加套卷类型：FAIL-类型名称超出100字符》测试通过！
[2021-09-29 17:55:57,801] - test_addpapertype.py - test_addPaperTypePeriodIdsErr [Line:155] - [INFO] - paperType/添加套卷类型：FAIL-输入不存在的学段》测试通过！
[2021-09-29 17:55:57,862] - test_addpapertype.py - test_addPaperTypePeriodIdsHaveNone [Line:171] - [INFO] - paperType/添加套卷类型：FAIL-学段列表存在空数据》测试通过！
[2021-09-29 17:55:57,922] - test_addpapertype.py - test_addPaperTypePeriodIdsNone [Line:139] - [INFO] - paperType/添加套卷类型：FAIL-未填写学段》测试通过！
[2021-09-29 17:55:58,027] - test_addpapertype.py - test_addPaperTypeRequired [Line:59] - [INFO] - paperType/添加套卷类型：SUCCESS-必填项正常添加》测试通过！
[2021-09-29 17:55:58,079] - test_addpapertype.py - test_addPaperTypeSeqErr [Line:203] - [INFO] - paperType/添加套卷类型：FAIL-排序为201》测试通过！
[2021-09-29 17:55:58,138] - test_addpapertype.py - test_addPaperTypeSeqIsZero [Line:187] - [INFO] - paperType/添加套卷类型：FAIL-排序为0》测试通过！
[2021-09-29 17:55:58,184] - test_addpapertype.py - tearDownClass [Line:261] - [INFO] - paperType/套卷类型：删除套卷类型记录成功！
[2021-09-29 17:55:58,220] - test_addpapertype.py - tearDownClass [Line:261] - [INFO] - paperType/套卷类型：删除套卷类型记录成功！
[2021-09-29 17:55:58,303] - datadict.py - addPaperType [Line:68] - [INFO] - paperType/套卷类型：新增套卷类型成功！
[2021-09-29 17:55:58,403] - test_editpapertype.py - test_editPaperType [Line:44] - [INFO] - paperType/编辑套卷类型：SUCCESS-修改所有参数》测试通过！
[2021-09-29 17:55:58,473] - test_editpapertype.py - test_editPaperTypeCodeNone [Line:136] - [INFO] - paperType/编辑套卷类型：SUCCESS-未填写套卷类型编码》测试通过！
[2021-09-29 17:55:58,559] - test_editpapertype.py - test_editPaperTypeCodeRepeat [Line:101] - [INFO] - paperType/编辑套卷类型：SUCCESS-添加同编码套卷类型，不修改编码》测试通过！
[2021-09-29 17:55:58,606] - test_editpapertype.py - test_editPaperTypeDescriptionTooLong [Line:254] - [INFO] - paperType/编辑套卷类型：FAIL-描述超出200字符》测试通过！
[2021-09-29 17:55:58,653] - test_editpapertype.py - test_editPaperTypeNameNone [Line:118] - [INFO] - paperType/编辑套卷类型：FAIL-未填写套卷类型名称》测试通过！
[2021-09-29 17:55:58,707] - test_editpapertype.py - test_editPaperTypeNameRepeat [Line:83] - [INFO] - paperType/编辑套卷类型：FAIL-添加同名称套卷类型》测试通过！
[2021-09-29 17:55:58,753] - test_editpapertype.py - test_editPaperTypeNameTooLong [Line:237] - [INFO] - paperType/编辑套卷类型：FAIL-类型名称超出100字符》测试通过！
[2021-09-29 17:55:58,812] - test_editpapertype.py - test_editPaperTypePeriodIdsHaveNone [Line:187] - [INFO] - paperType/编辑套卷类型：FAIL-学段列表存在空字段》测试通过！
[2021-09-29 17:55:58,891] - test_editpapertype.py - test_editPaperTypePeriodIdsNone [Line:170] - [INFO] - paperType/编辑套卷类型：FAIL-输入不存在的学段》测试通过！
[2021-09-29 17:55:59,034] - test_editpapertype.py - test_editPaperTypeRequired [Line:66] - [INFO] - paperType/编辑套卷类型：SUCCESS-必填项正常添加》测试通过！
[2021-09-29 17:55:59,090] - test_editpapertype.py - test_editPaperTypeSeqErr [Line:220] - [INFO] - paperType/编辑套卷类型：FAIL-排序为201》测试通过！
[2021-09-29 17:55:59,165] - test_editpapertype.py - test_editPaperTypeSeqIsZero [Line:204] - [INFO] - paperType/编辑套卷类型：FAIL-排序为0》测试通过！
[2021-09-29 17:55:59,205] - test_editpapertype.py - tearDownClass [Line:263] - [INFO] - paperType/套卷类型：删除套卷类型记录成功！
[2021-09-29 17:55:59,280] - datadict.py - addPaperType [Line:68] - [INFO] - paperType/套卷类型：新增套卷类型成功！
[2021-09-29 17:55:59,348] - test_getpapertype.py - test_getPaperType [Line:42] - [INFO] - paperType/获取套卷类型：SUCCESS-获取套卷类型详情》测试通过！
[2021-09-29 17:55:59,411] - test_getpapertype.py - test_getPaperTypeIdErr [Line:58] - [INFO] - paperType/获取套卷类型：FAIL-输入不存在的套卷类型ID》测试通过！
[2021-09-29 17:55:59,447] - test_getpapertype.py - tearDownClass [Line:67] - [INFO] - paperType/套卷类型：删除套卷类型记录成功！
[2021-09-29 17:55:59,545] - test_getpapertypebyperiod.py - test_getPaperTypeByPeriod [Line:29] - [INFO] - paperType/学段获取套卷类型：SUCCESS-获取套卷类型详情》测试通过！
[2021-09-29 17:55:59,600] - test_getpapertypebyperiod.py - test_getPaperTypeIdErr [Line:45] - [INFO] - paperType/学段获取套卷类型：FAIL-输入不存在的学段ID》测试通过！
[2021-09-29 17:55:59,667] - test_getpapertypebyperiod.py - test_getPaperTypeIdNone [Line:61] - [INFO] - paperType/学段获取套卷类型：FAIL-未输入学段ID》测试通过！
[2021-09-29 17:55:59,884] - test_getpointtree.py - test_getPointTree [Line:30] - [INFO] - point/知识点：SUCCESS-获取知识树》测试通过！
[2021-09-29 17:55:59,927] - test_getpointtree.py - test_listIsNone [Line:47] - [INFO] - point/知识点：SUCCESS-输入科目学段查询出空列表》测试通过！
[2021-09-29 17:55:59,991] - test_getpointtree.py - test_periodIsNone [Line:98] - [INFO] - point/知识点：FAIL-未填写学段》测试通过！
[2021-09-29 17:56:00,049] - test_getpointtree.py - test_regionIsNone [Line:115] - [INFO] - point/知识点：FAIL-未填写地区》测试通过！
[2021-09-29 17:56:00,099] - test_getpointtree.py - test_subjectError [Line:64] - [INFO] - point/知识点：SUCCESS-科目不存在，列表返回空》测试通过！
[2021-09-29 17:56:00,163] - test_getpointtree.py - test_subjectIsNone [Line:81] - [INFO] - point/知识点：FAIL-未填写科目》测试通过！
[2021-09-29 17:56:00,227] - datadict.py - getArea [Line:81] - [INFO] - getArea/地区：获取地区成功！
[2021-09-29 17:56:00,305] - datadict.py - getArea [Line:81] - [INFO] - getArea/地区：获取地区成功！
[2021-09-29 17:56:00,388] - datadict.py - getArea [Line:81] - [INFO] - getArea/地区：获取地区成功！
[2021-09-29 17:56:00,498] - datadict.py - getArea [Line:81] - [INFO] - getArea/地区：获取地区成功！
[2021-09-29 17:56:00,567] - test_addschool.py - test_addSchool [Line:48] - [ERROR] - school/添加学校：SUCCESS-添加学校（带区）》接口调用失败，失败原因：'id'
[2021-09-29 17:56:00,746] - test_addschool.py - test_addSchoolNameTooLong [Line:335] - [INFO] - school/添加学校：FAIL-学校名称超出100字符》测试通过！
[2021-09-29 17:56:00,800] - test_addschool.py - test_addSchoolNoCity [Line:147] - [INFO] - school/添加学校：FAIL-添加学校不带市》测试通过！
[2021-09-29 17:56:00,873] - test_addschool.py - test_addSchoolNoCounty [Line:75] - [ERROR] - school/添加学校：SUCCESS-添加学校不带区》接口调用失败，失败原因：'id'
[2021-09-29 17:56:00,925] - test_addschool.py - test_addSchoolNoPeriod [Line:242] - [INFO] - school/添加学校：FAIL-学段不存在》测试通过！
[2021-09-29 17:56:00,987] - test_addschool.py - test_addSchoolNoProvince [Line:185] - [INFO] - school/添加学校：FAIL-添加学校不带省》测试通过！
[2021-09-29 17:56:01,048] - test_addschool.py - test_addSchoolNoSchoolName [Line:223] - [INFO] - school/添加学校：FAIL-学校名为空》测试通过！
[2021-09-29 17:56:01,383] - test_addschool.py - test_addSchoolSeqIsZero [Line:297] - [INFO] - school/添加学校：FAIL-排序不在1-2000范围内》测试通过！
[2021-09-29 17:56:01,455] - datadict.py - getArea [Line:81] - [INFO] - getArea/地区：获取地区成功！
[2021-09-29 17:56:01,508] - datadict.py - addSchool [Line:57] - [ERROR] - school/学校：新增学校失败，失败原因：学校新增失败！
[2021-09-29 17:56:01,508] - test_editschoolstatus.py - setUpClass [Line:37] - [ERROR] - school/学校：学校新增失败，失败原因：'NoneType' object has no attribute 'json'
[2021-09-29 17:56:01,569] - test_editschoolstatus.py - test_editSchoolNoExist [Line:84] - [INFO] - school/修改状态：FAIL-学校不存在》测试通过！
[2021-09-29 17:56:01,778] - test_editschoolstatus.py - test_editSchoolNoID [Line:135] - [INFO] - school/修改状态：FAIL-未传入学校ID》测试通过！
[2021-09-29 17:56:01,779] - test_editschoolstatus.py - tearDownClass [Line:145] - [ERROR] - school/学校：删除学校记录失败，失败原因：type object 'EditSchoolStatus' has no attribute 'schoolId'
[2021-09-29 17:56:01,840] - datadict.py - getArea [Line:81] - [INFO] - getArea/地区：获取地区成功！
[2021-09-29 17:56:01,912] - datadict.py - addSchool [Line:57] - [ERROR] - school/学校：新增学校失败，失败原因：学校新增失败！
[2021-09-29 17:56:01,912] - test_getschool.py - setUpClass [Line:37] - [ERROR] - school/学校：学校新增失败，失败原因：'NoneType' object has no attribute 'json'
[2021-09-29 17:56:01,979] - test_getschool.py - test_getSchoolNoExist [Line:80] - [INFO] - school/获取学校详情：FAIL-学校不存在》测试通过！
[2021-09-29 17:56:01,980] - test_getschool.py - tearDownClass [Line:103] - [ERROR] - school/学校：删除学校记录失败，失败原因：type object 'GetSchool' has no attribute 'schoolId'
[2021-09-29 17:56:02,062] - datadict.py - getArea [Line:81] - [INFO] - getArea/地区：获取地区成功！
[2021-09-29 17:56:02,140] - datadict.py - addSchool [Line:57] - [ERROR] - school/学校：新增学校失败，失败原因：学校新增失败！
[2021-09-29 17:56:02,140] - test_getschoollist.py - setUpClass [Line:37] - [ERROR] - school/学校：学校新增失败，失败原因：'NoneType' object has no attribute 'json'
[2021-09-29 17:56:02,350] - test_getschoollist.py - tearDownClass [Line:250] - [ERROR] - school/学校：删除学校记录失败，失败原因：type object 'GetSchoolList' has no attribute 'schoolId'
[2021-09-29 17:56:02,432] - datadict.py - getArea [Line:81] - [INFO] - getArea/地区：获取地区成功！
[2021-09-29 17:56:02,499] - datadict.py - addSchool [Line:57] - [ERROR] - school/学校：新增学校失败，失败原因：学校新增失败！
[2021-09-29 17:56:02,499] - test_updateschool.py - setUpClass [Line:45] - [ERROR] - school/学校：学校新增失败，失败原因：'NoneType' object has no attribute 'json'
[2021-09-29 17:56:02,617] - test_addtempaper.py - test_addtempaper [Line:30] - [INFO] - tempaper/test_addtempaper: SUCCESS！
[2021-09-29 17:56:02,789] - test_deletetempaper.py - test_deletetempaper [Line:29] - [INFO] - tempaper/test_deletetempaper: SUCCESS！
[2021-09-29 17:56:02,811] - test_getlist.py - test_getlist [Line:24] - [INFO] - tempaper/test_getlist: FAIL, error is HTTPSConnectionPool(host='teacher-tr.test.klxuexi.net', port=443): Max retries exceeded with url: /tr/api/tr/temporary-paper/list?currentPage=1&pageSize=10&periodId=10001&subjectId=4&name=2020&status= (Caused by SSLError(SSLCertVerificationError(1, '[SSL: CERTIFICATE_VERIFY_FAILED] certificate verify failed: unable to get local issuer certificate (_ssl.c:1051)')))
[2021-09-29 17:56:03,110] - test_getlist.py - test_getlist [Line:22] - [INFO] - textbook/test_getlist: SUCCESS！
[2021-09-29 17:56:03,394] - test_createrelation.py - test_TlessonType_success [Line:52] - [INFO] - video/视频：创建视频记录成功用例测试通过！
[2021-09-29 17:56:03,459] - test_createrelation.py - test_createrecord_businessIdIsNull [Line:68] - [INFO] - video/视频：创建记录失败用例-关联Id为空测试通过！
[2021-09-29 17:56:03,514] - test_createrelation.py - test_createrecord_businessTypeErr [Line:100] - [INFO] - video/视频：创建记录失败用例-关联Type为错误值测试通过！
[2021-09-29 17:56:03,564] - test_createrelation.py - test_createrecord_businessTypeIsNull [Line:84] - [INFO] - video/视频：创建记录失败用例-关联Type为空测试通过！
[2021-09-29 17:56:03,620] - test_createrelation.py - test_createrecord_dataisnull [Line:116] - [INFO] - video/视频：创建视频记录失败用例-视频列表为空测试通过！
[2021-09-29 17:56:03,936] - test_deleterelation.py - test_delete_relationIdErr [Line:65] - [INFO] - video/视频：删除视频关联记录失败用例测试通过！
[2021-09-29 17:56:03,993] - test_deleterelation.py - test_delete_relationIdIsNull [Line:49] - [INFO] - video/视频：删除视频关联记录失败用例测试通过！
[2021-09-29 17:56:04,064] - test_deleterelation.py - test_delete_success [Line:33] - [INFO] - video/视频：删除视频关联记录成功用例测试通过！
[2021-09-29 17:56:04,121] - test_resource.py - test_resource_fileisnull [Line:74] - [INFO] - video/视频：视频上传resource失败用例--file为NULL测试通过！
[2021-09-29 17:56:04,213] - test_resource.py - test_resource_success [Line:43] - [INFO] - video/视频：视频上传resource成功用例测试通过！
[2021-09-29 17:56:04,362] - test_resource.py - test_resource_typeisnull [Line:59] - [INFO] - video/视频：视频上传resource失败用例-type为NULL测试通过！
[2021-09-29 17:56:04,430] - test_sign.py - test_sign_fail [Line:44] - [INFO] - video/视频：获取视频上传的签名失败用例测试通过！
[2021-09-29 17:56:04,498] - test_sign.py - test_sign_success [Line:29] - [INFO] - video/视频：获取视频上传的签名成功用例测试通过！
[2021-09-29 17:56:04,565] - test_uploadfile.py - test_uploadfile_success [Line:37] - [INFO] - video/视频：视频上传成功用例测试通过！
[2021-09-29 17:56:04,654] - test_uploadfile.py - test_uploadfile_typeisnull [Line:54] - [INFO] - video/视频：视频上传失败用例-type为NULL测试通过！
[2021-09-29 17:56:05,192] - test_videopage.py - test_TlessonPage_success [Line:40] - [INFO] - video/视频：查询说课视频列表成功用例测试通过！
[2021-09-29 17:56:05,247] - test_videopage.py - test_businessTypeErr_fail [Line:140] - [INFO] - video/视频：查询视频列表-业务类型错误 失败用例测试通过！
[2021-09-29 17:56:05,305] - test_videopage.py - test_businessTypeNull_fail [Line:124] - [INFO] - video/视频：查询视频列表-业务类型为空失败用例测试通过！
[2021-09-29 17:56:05,602] - test_videopage.py - test_pageNull_success [Line:108] - [INFO] - video/视频：查询视频列表-未设置列表成功用例测试通过！
[2021-09-29 17:56:05,693] - test_videopage.py - test_pageSet_success [Line:87] - [INFO] - video/视频：查询视频列表-列表设置成功用例测试通过！
[2021-09-29 17:56:05,779] - test_videopage.py - test_searchPage_success [Line:64] - [INFO] - video/视频：根据名称查询视频列表成功用例测试通过！
